<?xml version="1.0" encoding="UTF-8"?>
<testng-results skipped="0" failed="1" total="1" passed="0">
  <reporter-output>
  </reporter-output>
  <suite name="SuiteCreateEdit" duration-ms="27921" started-at="2017-12-17T09:25:34Z" finished-at="2017-12-17T09:26:02Z">
    <groups>
    </groups>
    <test name="Test" duration-ms="27921" started-at="2017-12-17T09:25:34Z" finished-at="2017-12-17T09:26:02Z">
      <class name="testcases.CreateLead">
        <test-method status="PASS" signature="beforeSuite()[pri:0, instance:testcases.CreateLead@1f70c54]" name="beforeSuite" is-config="true" duration-ms="910" started-at="2017-12-17T14:55:33Z" finished-at="2017-12-17T14:55:34Z">
          <reporter-output>
          </reporter-output>
        </test-method> <!-- beforeSuite -->
        <test-method status="PASS" signature="beforeTest()[pri:0, instance:testcases.CreateLead@1f70c54]" name="beforeTest" is-config="true" duration-ms="0" started-at="2017-12-17T14:55:34Z" finished-at="2017-12-17T14:55:34Z">
          <reporter-output>
          </reporter-output>
        </test-method> <!-- beforeTest -->
        <test-method status="PASS" signature="setData()[pri:0, instance:testcases.CreateLead@1f70c54]" name="setData" is-config="true" duration-ms="0" started-at="2017-12-17T14:55:34Z" finished-at="2017-12-17T14:55:34Z">
          <reporter-output>
          </reporter-output>
        </test-method> <!-- setData -->
        <test-method status="PASS" signature="beforeMethod()[pri:0, instance:testcases.CreateLead@1f70c54]" name="beforeMethod" is-config="true" duration-ms="9978" started-at="2017-12-17T14:55:35Z" finished-at="2017-12-17T14:55:45Z">
          <reporter-output>
          </reporter-output>
        </test-method> <!-- beforeMethod -->
        <test-method status="FAIL" signature="createLead(java.lang.String, java.lang.String, java.lang.String, java.lang.String, java.lang.String, java.lang.String, java.lang.String)[pri:0, instance:testcases.CreateLead@1f70c54]" name="createLead" duration-ms="14638" started-at="2017-12-17T14:55:45Z" data-provider="fetchData" finished-at="2017-12-17T14:55:59Z">
          <params>
            <param index="0">
              <value>
                <![CDATA[DemoSalesManager]]>
              </value>
            </param>
            <param index="1">
              <value>
                <![CDATA[crmsfa]]>
              </value>
            </param>
            <param index="2">
              <value>
                <![CDATA[Accenture]]>
              </value>
            </param>
            <param index="3">
              <value>
                <![CDATA[Rashmi]]>
              </value>
            </param>
            <param index="4">
              <value>
                <![CDATA[B S]]>
              </value>
            </param>
            <param index="5">
              <value is-null="true"/>
            </param>
            <param index="6">
              <value>
                <![CDATA[BWP - Botswana Pula]]>
              </value>
            </param>
          </params>
          <exception class="java.lang.RuntimeException">
            <message>
              <![CDATA[FAILED]]>
            </message>
            <full-stacktrace>
              <![CDATA[java.lang.RuntimeException: FAILED
	at utils.Reporter.reportStep(Reporter.java:34)
	at utils.Reporter.reportStep(Reporter.java:44)
	at wdMethods.SeMethods.verifyTitle(SeMethods.java:197)
	at pages.MyLeadsPage.<init>(MyLeadsPage.java:9)
	at pages.MyHomePage.clickOnLeadsTab(MyHomePage.java:17)
	at testcases.CreateLead.createLead(CreateLead.java:29)
	at sun.reflect.NativeMethodAccessorImpl.invoke0(Native Method)
	at sun.reflect.NativeMethodAccessorImpl.invoke(Unknown Source)
	at sun.reflect.DelegatingMethodAccessorImpl.invoke(Unknown Source)
	at java.lang.reflect.Method.invoke(Unknown Source)
	at org.testng.internal.MethodInvocationHelper.invokeMethod(MethodInvocationHelper.java:85)
	at org.testng.internal.Invoker.invokeMethod(Invoker.java:639)
	at org.testng.internal.Invoker.invokeTestMethod(Invoker.java:816)
	at org.testng.internal.Invoker.invokeTestMethods(Invoker.java:1124)
	at org.testng.internal.TestMethodWorker.invokeTestMethods(TestMethodWorker.java:124)
	at org.testng.internal.TestMethodWorker.run(TestMethodWorker.java:108)
	at java.util.concurrent.ThreadPoolExecutor.runWorker(Unknown Source)
	at java.util.concurrent.ThreadPoolExecutor$Worker.run(Unknown Source)
	at java.lang.Thread.run(Unknown Source)
]]>
            </full-stacktrace>
          </exception> <!-- java.lang.RuntimeException -->
          <reporter-output>
          </reporter-output>
        </test-method> <!-- createLead -->
        <test-method status="PASS" signature="afterMethod()[pri:0, instance:testcases.CreateLead@1f70c54]" name="afterMethod" is-config="true" duration-ms="2493" started-at="2017-12-17T14:55:59Z" finished-at="2017-12-17T14:56:02Z">
          <reporter-output>
          </reporter-output>
        </test-method> <!-- afterMethod -->
        <test-method status="PASS" signature="afterTest()[pri:0, instance:testcases.CreateLead@1f70c54]" name="afterTest" is-config="true" duration-ms="0" started-at="2017-12-17T14:56:02Z" finished-at="2017-12-17T14:56:02Z">
          <reporter-output>
          </reporter-output>
        </test-method> <!-- afterTest -->
        <test-method status="PASS" signature="afterSuite()[pri:0, instance:testcases.CreateLead@1f70c54]" name="afterSuite" is-config="true" duration-ms="1153" started-at="2017-12-17T14:56:02Z" finished-at="2017-12-17T14:56:03Z">
          <reporter-output>
          </reporter-output>
        </test-method> <!-- afterSuite -->
      </class> <!-- testcases.CreateLead -->
    </test> <!-- Test -->
  </suite> <!-- SuiteCreateEdit -->
</testng-results>
