<?xml version="1.0" encoding="UTF-8"?>
<!-- Generated by org.testng.reporters.JUnitXMLReporter -->
<testsuite hostname="5CG5043BD4" name="Test" tests="1" failures="1" timestamp="17 Dec 2017 09:26:02 GMT" time="27.921" errors="0">
  <testcase name="createLead" time="14.638" classname="testcases.CreateLead">
    <failure type="java.lang.RuntimeException" message="FAILED">
      <![CDATA[java.lang.RuntimeException: FAILED
	at utils.Reporter.reportStep(Reporter.java:34)
	at utils.Reporter.reportStep(Reporter.java:44)
	at wdMethods.SeMethods.verifyTitle(SeMethods.java:197)
	at pages.MyLeadsPage.<init>(MyLeadsPage.java:9)
	at pages.MyHomePage.clickOnLeadsTab(MyHomePage.java:17)
	at testcases.CreateLead.createLead(CreateLead.java:29)
	at java.util.concurrent.ThreadPoolExecutor.runWorker(Unknown Source)
	at java.util.concurrent.ThreadPoolExecutor$Worker.run(Unknown Source)
	at java.lang.Thread.run(Unknown Source)
... Removed 10 stack frames]]>
    </failure>
  </testcase> <!-- createLead -->
</testsuite> <!-- Test -->
